<?xml version="1.0" encoding="UTF-8"?>
<!-- Generated by org.testng.reporters.JUnitXMLReporter -->
<testsuite hostname="CHI-AA108810" name="Test" tests="3" failures="0" timestamp="17 Aug 2019 21:18:19 GMT" time="17.474" errors="0">
  <testcase name="TestCase1_verifyHomepageTitle" time="0.225" classname="Test.TestSearchPage"/>
  <testcase name="TestCase1_verifySearch" time="5.252" classname="Test.TestSearchPage"/>
  <testcase name="TestCase2_verifyDemoPageTitle" time="3.102" classname="Test.TestSearchPage"/>
</testsuite> <!-- Test -->
