<?xml version="1.0" encoding="UTF-8"?>
<!-- Generated by org.testng.reporters.JUnitXMLReporter -->
<testsuite hostname="CHI-AA108810" name="Test" tests="4" failures="1" timestamp="18 Aug 2019 15:08:31 GMT" time="42.426" errors="0">
  <testcase name="TestCase1_verifyHomepageTitle" time="0.039" classname="Test.TestSuite_ContractManagement"/>
  <testcase name="TestCase1_verifySearch" time="7.136" classname="Test.TestSuite_ContractManagement"/>
  <testcase name="TestCase2_verifyDemoPageTitle" time="6.496" classname="Test.TestSuite_ContractManagement">
    <failure type="org.openqa.selenium.ElementClickInterceptedException" message="element click intercepted: Element &amp;lt;input type=&amp;quot;submit&amp;quot; value=&amp;quot;PLAY VIDEO&amp;quot; class=&amp;quot;hs-button primary large&amp;quot; data-reactid=&amp;quot;.hbspt-forms-0.5.1.0&amp;quot;&amp;gt; is not clickable at point (758, 334). Other element would receive the click: &amp;lt;a class=&amp;quot;ui-corner-all ui-state-hover&amp;quot; tabindex=&amp;quot;-1&amp;quot; id=&amp;quot;ui-active-menuitem&amp;quot;&amp;gt;...&amp;lt;/a&amp;gt;
  (Session info: chrome=76.0.3809.100)
Build info: version: &amp;apos;3.141.59&amp;apos;, revision: &amp;apos;e82be7d358&amp;apos;, time: &amp;apos;2018-11-14T08:25:48&amp;apos;
System info: host: &amp;apos;CHI-AA108810&amp;apos;, ip: &amp;apos;10.0.75.1&amp;apos;, os.name: &amp;apos;Windows 10&amp;apos;, os.arch: &amp;apos;amd64&amp;apos;, os.version: &amp;apos;10.0&amp;apos;, java.version: &amp;apos;1.8.0_201&amp;apos;
Driver info: org.openqa.selenium.chrome.ChromeDriver
Capabilities {acceptInsecureCerts: false, browserName: chrome, browserVersion: 76.0.3809.100, chrome: {chromedriverVersion: 75.0.3770.140 (2d9f97485c7b..., userDataDir: C:\Users\patpar02\AppData\L...}, goog:chromeOptions: {debuggerAddress: localhost:49631}, javascriptEnabled: true, networkConnectionEnabled: false, pageLoadStrategy: normal, platform: XP, platformName: XP, proxy: Proxy(), setWindowRect: true, strictFileInteractability: false, timeouts: {implicit: 0, pageLoad: 300000, script: 30000}, unhandledPromptBehavior: dismiss and notify}
Session ID: a19ca88f8611d26f882fccbceb111635">
      <![CDATA[org.openqa.selenium.ElementClickInterceptedException: element click intercepted: Element <input type="submit" value="PLAY VIDEO" class="hs-button primary large" data-reactid=".hbspt-forms-0.5.1.0"> is not clickable at point (758, 334). Other element would receive the click: <a class="ui-corner-all ui-state-hover" tabindex="-1" id="ui-active-menuitem">...</a>
  (Session info: chrome=76.0.3809.100)
Build info: version: '3.141.59', revision: 'e82be7d358', time: '2018-11-14T08:25:48'
System info: host: 'CHI-AA108810', ip: '10.0.75.1', os.name: 'Windows 10', os.arch: 'amd64', os.version: '10.0', java.version: '1.8.0_201'
Driver info: org.openqa.selenium.chrome.ChromeDriver
Capabilities {acceptInsecureCerts: false, browserName: chrome, browserVersion: 76.0.3809.100, chrome: {chromedriverVersion: 75.0.3770.140 (2d9f97485c7b..., userDataDir: C:\Users\patpar02\AppData\L...}, goog:chromeOptions: {debuggerAddress: localhost:49631}, javascriptEnabled: true, networkConnectionEnabled: false, pageLoadStrategy: normal, platform: XP, platformName: XP, proxy: Proxy(), setWindowRect: true, strictFileInteractability: false, timeouts: {implicit: 0, pageLoad: 300000, script: 30000}, unhandledPromptBehavior: dismiss and notify}
Session ID: a19ca88f8611d26f882fccbceb111635
	at org.openqa.selenium.remote.http.W3CHttpResponseCodec.createException(W3CHttpResponseCodec.java:187)
	at org.openqa.selenium.remote.http.W3CHttpResponseCodec.decode(W3CHttpResponseCodec.java:122)
	at org.openqa.selenium.remote.http.W3CHttpResponseCodec.decode(W3CHttpResponseCodec.java:49)
	at org.openqa.selenium.remote.HttpCommandExecutor.execute(HttpCommandExecutor.java:158)
	at org.openqa.selenium.remote.service.DriverCommandExecutor.execute(DriverCommandExecutor.java:83)
	at org.openqa.selenium.remote.RemoteWebDriver.execute(RemoteWebDriver.java:552)
	at org.openqa.selenium.remote.RemoteWebElement.execute(RemoteWebElement.java:285)
	at org.openqa.selenium.remote.RemoteWebElement.click(RemoteWebElement.java:84)
	at PageObjects.ContractManagementPage.clickButton(ContractManagementPage.java:76)
	at Test.TestSuite_ContractManagement.TestCase2_verifyDemoPageTitle(TestSuite_ContractManagement.java:94)
	at java.util.concurrent.ThreadPoolExecutor.runWorker(Unknown Source)
	at java.util.concurrent.ThreadPoolExecutor$Worker.run(Unknown Source)
	at java.lang.Thread.run(Unknown Source)
... Removed 14 stack frames]]>
    </failure>
  </testcase> <!-- TestCase2_verifyDemoPageTitle -->
  <testcase name="TestCase3_verifyResourceLibrary" time="6.987" classname="Test.TestSuite_ResourceLibrary"/>
</testsuite> <!-- Test -->
